2025.03.17 10:03:03 INFO  tracing is disabled for protocol LSP, to enable tracing of incoming and outgoing JSON messages create an empty file at c:\f\Frankenstein\SecurityMicroservice\.metals\lsp.trace.json
2025.03.17 10:03:32 INFO  logging to files C:\f\Frankenstein\SecurityMicroservice\.metals\metals.log
2025.03.17 10:03:32 INFO  Started: Metals version 1.5.1 in folders 'C:\f\Frankenstein\SecurityMicroservice' for client Visual Studio Code 1.76.2.
2025.03.17 10:03:32 INFO  time: initialize in 0.47s
2025.03.17 10:03:46 INFO  no build target found for C:\f\Frankenstein\SecurityMicroservice\src\main\java\com\example\SecurityMicroservice\InfrastructureLayer\Configs\SecurityConfig.java. Using presentation compiler with project's scala-library version: 3.3.4
2025.03.17 10:04:23 INFO  no build target found for C:\f\Frankenstein\SecurityMicroservice\src\main\java\com\example\SecurityMicroservice\InfrastructureLayer\Configs\SecurityConfig.java. Using presentation compiler with project's scala-library version: 3.3.4
мар. 17, 2025 10:05:04 AM scala.meta.internal.pc.CompilerAccess handleError
SEVERE: A severe compiler error occurred, full details of the error can be found in the error report C:\f\Frankenstein\SecurityMicroservice\.metals\.reports\metals-full\2025-03-17\r_compiler-error_10-05-03-990.md
мар. 17, 2025 10:10:26 AM org.eclipse.lsp4j.jsonrpc.services.GenericEndpoint notify
WARNING: Unsupported notification method: metals/windowStateDidChange
мар. 17, 2025 10:11:08 AM org.eclipse.lsp4j.jsonrpc.services.GenericEndpoint notify
WARNING: Unsupported notification method: metals/windowStateDidChange
мар. 17, 2025 10:22:50 AM org.eclipse.lsp4j.jsonrpc.services.GenericEndpoint notify
WARNING: Unsupported notification method: metals/windowStateDidChange
мар. 17, 2025 10:22:54 AM org.eclipse.lsp4j.jsonrpc.services.GenericEndpoint notify
WARNING: Unsupported notification method: metals/windowStateDidChange
мар. 17, 2025 10:23:44 AM org.eclipse.lsp4j.jsonrpc.services.GenericEndpoint notify
WARNING: Unsupported notification method: metals/windowStateDidChange
мар. 17, 2025 10:24:21 AM org.eclipse.lsp4j.jsonrpc.services.GenericEndpoint notify
WARNING: Unsupported notification method: metals/windowStateDidChange
мар. 17, 2025 10:24:21 AM org.eclipse.lsp4j.jsonrpc.services.GenericEndpoint notify
WARNING: Unsupported notification method: metals/windowStateDidChange
2025.03.17 10:24:22 INFO  no build target found for C:\f\Frankenstein\SecurityMicroservice\src\main\java\com\example\SecurityMicroservice\InfrastructureLayer\Configs\SecurityConfig.java. Using presentation compiler with project's scala-library version: 3.3.4
мар. 17, 2025 10:24:23 AM org.eclipse.lsp4j.jsonrpc.services.GenericEndpoint notify
WARNING: Unsupported notification method: metals/windowStateDidChange
мар. 17, 2025 10:24:24 AM org.eclipse.lsp4j.jsonrpc.services.GenericEndpoint notify
WARNING: Unsupported notification method: metals/windowStateDidChange
мар. 17, 2025 10:24:27 AM org.eclipse.lsp4j.jsonrpc.services.GenericEndpoint notify
WARNING: Unsupported notification method: metals/windowStateDidChange
мар. 17, 2025 10:24:31 AM scala.meta.internal.pc.CompilerAccess handleError
SEVERE: A severe compiler error occurred, full details of the error can be found in the error report C:\f\Frankenstein\SecurityMicroservice\.metals\.reports\metals-full\2025-03-17\r_compiler-error_10-24-31-131.md
мар. 17, 2025 10:28:06 AM org.eclipse.lsp4j.jsonrpc.services.GenericEndpoint notify
WARNING: Unsupported notification method: metals/windowStateDidChange
мар. 17, 2025 10:28:08 AM org.eclipse.lsp4j.jsonrpc.services.GenericEndpoint notify
WARNING: Unsupported notification method: metals/windowStateDidChange
мар. 17, 2025 10:28:49 AM org.eclipse.lsp4j.jsonrpc.services.GenericEndpoint notify
WARNING: Unsupported notification method: metals/windowStateDidChange
мар. 17, 2025 10:28:55 AM org.eclipse.lsp4j.jsonrpc.services.GenericEndpoint notify
WARNING: Unsupported notification method: metals/windowStateDidChange
мар. 17, 2025 10:29:17 AM org.eclipse.lsp4j.jsonrpc.services.GenericEndpoint notify
WARNING: Unsupported notification method: metals/windowStateDidChange
мар. 17, 2025 10:29:18 AM org.eclipse.lsp4j.jsonrpc.services.GenericEndpoint notify
WARNING: Unsupported notification method: metals/windowStateDidChange
мар. 17, 2025 10:30:50 AM org.eclipse.lsp4j.jsonrpc.services.GenericEndpoint notify
WARNING: Unsupported notification method: metals/windowStateDidChange
мар. 17, 2025 10:30:53 AM org.eclipse.lsp4j.jsonrpc.services.GenericEndpoint notify
WARNING: Unsupported notification method: metals/windowStateDidChange
мар. 17, 2025 10:31:15 AM org.eclipse.lsp4j.jsonrpc.services.GenericEndpoint notify
WARNING: Unsupported notification method: metals/windowStateDidChange
мар. 17, 2025 10:31:18 AM org.eclipse.lsp4j.jsonrpc.services.GenericEndpoint notify
WARNING: Unsupported notification method: metals/windowStateDidChange
мар. 17, 2025 10:32:02 AM org.eclipse.lsp4j.jsonrpc.services.GenericEndpoint notify
WARNING: Unsupported notification method: metals/windowStateDidChange
2025.03.17 10:32:16 INFO  no build target found for C:\f\Frankenstein\SecurityMicroservice\src\main\java\com\example\SecurityMicroservice\InfrastructureLayer\Configs\SecurityConfig.java. Using presentation compiler with project's scala-library version: 3.3.4
мар. 17, 2025 10:32:25 AM org.eclipse.lsp4j.jsonrpc.services.GenericEndpoint notify
WARNING: Unsupported notification method: metals/windowStateDidChange
мар. 17, 2025 10:35:29 AM org.eclipse.lsp4j.jsonrpc.services.GenericEndpoint notify
WARNING: Unsupported notification method: metals/windowStateDidChange
мар. 17, 2025 10:35:30 AM org.eclipse.lsp4j.jsonrpc.services.GenericEndpoint notify
WARNING: Unsupported notification method: metals/windowStateDidChange
мар. 17, 2025 10:45:16 AM org.eclipse.lsp4j.jsonrpc.services.GenericEndpoint notify
WARNING: Unsupported notification method: metals/windowStateDidChange
мар. 17, 2025 10:45:17 AM org.eclipse.lsp4j.jsonrpc.services.GenericEndpoint notify
WARNING: Unsupported notification method: metals/windowStateDidChange
мар. 17, 2025 11:37:29 AM org.eclipse.lsp4j.jsonrpc.services.GenericEndpoint notify
WARNING: Unsupported notification method: metals/windowStateDidChange
мар. 17, 2025 11:37:30 AM org.eclipse.lsp4j.jsonrpc.services.GenericEndpoint notify
WARNING: Unsupported notification method: metals/windowStateDidChange
мар. 17, 2025 11:53:34 AM org.eclipse.lsp4j.jsonrpc.services.GenericEndpoint notify
WARNING: Unsupported notification method: metals/windowStateDidChange
2025.03.17 11:53:36 INFO  no build target found for C:\f\Frankenstein\SecurityMicroservice\src\main\java\com\example\SecurityMicroservice\InfrastructureLayer\Configs\SecurityConfig.java. Using presentation compiler with project's scala-library version: 3.3.4
мар. 17, 2025 11:53:44 AM org.eclipse.lsp4j.jsonrpc.services.GenericEndpoint notify
WARNING: Unsupported notification method: metals/windowStateDidChange
мар. 17, 2025 1:02:06 PM org.eclipse.lsp4j.jsonrpc.services.GenericEndpoint notify
WARNING: Unsupported notification method: metals/windowStateDidChange
мар. 17, 2025 1:02:14 PM org.eclipse.lsp4j.jsonrpc.services.GenericEndpoint notify
WARNING: Unsupported notification method: metals/windowStateDidChange
мар. 17, 2025 1:02:16 PM org.eclipse.lsp4j.jsonrpc.services.GenericEndpoint notify
WARNING: Unsupported notification method: metals/windowStateDidChange
мар. 17, 2025 1:02:18 PM org.eclipse.lsp4j.jsonrpc.services.GenericEndpoint notify
WARNING: Unsupported notification method: metals/windowStateDidChange
мар. 17, 2025 1:02:40 PM org.eclipse.lsp4j.jsonrpc.services.GenericEndpoint notify
WARNING: Unsupported notification method: metals/windowStateDidChange
2025.03.17 13:02:44 INFO  Shutting down server
2025.03.17 13:02:44 INFO  shutting down Metals
