2025.02.22 15:38:39 INFO  tracing is disabled for protocol LSP, to enable tracing of incoming and outgoing JSON messages create an empty file at c:\f\Frankenstein\.metals\lsp.trace.json or C:\Users\Mary\AppData\Local\scalameta\metals\cache\lsp.trace.json
2025.02.22 15:38:49 INFO  logging to files C:\f\Frankenstein\.metals\metals.log
2025.02.22 15:38:49 INFO  Started: Metals version 1.5.1 in folders 'C:\f\Frankenstein' for client Visual Studio Code 1.76.2.
февр. 22, 2025 3:39:08 PM org.eclipse.lsp4j.jsonrpc.services.GenericEndpoint notify
WARNING: Unsupported notification method: metals/windowStateDidChange
февр. 22, 2025 3:40:31 PM org.eclipse.lsp4j.jsonrpc.services.GenericEndpoint notify
WARNING: Unsupported notification method: metals/windowStateDidChange
февр. 22, 2025 3:40:43 PM org.eclipse.lsp4j.jsonrpc.services.GenericEndpoint notify
WARNING: Unsupported notification method: metals/windowStateDidChange
февр. 22, 2025 3:42:40 PM org.eclipse.lsp4j.jsonrpc.services.GenericEndpoint notify
WARNING: Unsupported notification method: metals/windowStateDidChange
февр. 22, 2025 3:42:46 PM org.eclipse.lsp4j.jsonrpc.services.GenericEndpoint notify
WARNING: Unsupported notification method: metals/windowStateDidChange
февр. 22, 2025 3:43:13 PM org.eclipse.lsp4j.jsonrpc.services.GenericEndpoint notify
WARNING: Unsupported notification method: metals/windowStateDidChange
февр. 22, 2025 3:43:18 PM org.eclipse.lsp4j.jsonrpc.services.GenericEndpoint notify
WARNING: Unsupported notification method: metals/windowStateDidChange
февр. 22, 2025 3:43:46 PM org.eclipse.lsp4j.jsonrpc.services.GenericEndpoint notify
WARNING: Unsupported notification method: metals/windowStateDidChange
февр. 22, 2025 3:43:48 PM org.eclipse.lsp4j.jsonrpc.services.GenericEndpoint notify
WARNING: Unsupported notification method: metals/windowStateDidChange
февр. 22, 2025 3:52:02 PM org.eclipse.lsp4j.jsonrpc.services.GenericEndpoint notify
WARNING: Unsupported notification method: metals/windowStateDidChange
февр. 22, 2025 3:52:08 PM org.eclipse.lsp4j.jsonrpc.services.GenericEndpoint notify
WARNING: Unsupported notification method: metals/windowStateDidChange
февр. 22, 2025 3:54:21 PM org.eclipse.lsp4j.jsonrpc.services.GenericEndpoint notify
WARNING: Unsupported notification method: metals/windowStateDidChange
февр. 22, 2025 3:54:30 PM org.eclipse.lsp4j.jsonrpc.services.GenericEndpoint notify
WARNING: Unsupported notification method: metals/windowStateDidChange
февр. 22, 2025 4:05:31 PM org.eclipse.lsp4j.jsonrpc.services.GenericEndpoint notify
WARNING: Unsupported notification method: metals/windowStateDidChange
февр. 22, 2025 4:05:37 PM org.eclipse.lsp4j.jsonrpc.services.GenericEndpoint notify
WARNING: Unsupported notification method: metals/windowStateDidChange
февр. 22, 2025 4:35:32 PM org.eclipse.lsp4j.jsonrpc.services.GenericEndpoint notify
WARNING: Unsupported notification method: metals/windowStateDidChange
февр. 22, 2025 4:35:33 PM org.eclipse.lsp4j.jsonrpc.services.GenericEndpoint notify
WARNING: Unsupported notification method: metals/windowStateDidChange
февр. 22, 2025 4:41:03 PM org.eclipse.lsp4j.jsonrpc.services.GenericEndpoint notify
WARNING: Unsupported notification method: metals/windowStateDidChange
февр. 22, 2025 4:41:04 PM org.eclipse.lsp4j.jsonrpc.services.GenericEndpoint notify
WARNING: Unsupported notification method: metals/windowStateDidChange
февр. 22, 2025 4:43:11 PM org.eclipse.lsp4j.jsonrpc.services.GenericEndpoint notify
WARNING: Unsupported notification method: metals/windowStateDidChange
февр. 22, 2025 4:43:12 PM org.eclipse.lsp4j.jsonrpc.services.GenericEndpoint notify
WARNING: Unsupported notification method: metals/windowStateDidChange
февр. 22, 2025 4:43:40 PM org.eclipse.lsp4j.jsonrpc.services.GenericEndpoint notify
WARNING: Unsupported notification method: metals/windowStateDidChange
февр. 22, 2025 4:43:40 PM org.eclipse.lsp4j.jsonrpc.services.GenericEndpoint notify
WARNING: Unsupported notification method: metals/windowStateDidChange
февр. 22, 2025 4:48:59 PM org.eclipse.lsp4j.jsonrpc.services.GenericEndpoint notify
WARNING: Unsupported notification method: metals/windowStateDidChange
февр. 22, 2025 4:49:01 PM org.eclipse.lsp4j.jsonrpc.services.GenericEndpoint notify
WARNING: Unsupported notification method: metals/windowStateDidChange
февр. 22, 2025 5:00:20 PM org.eclipse.lsp4j.jsonrpc.services.GenericEndpoint notify
WARNING: Unsupported notification method: metals/windowStateDidChange
февр. 22, 2025 5:00:22 PM org.eclipse.lsp4j.jsonrpc.services.GenericEndpoint notify
WARNING: Unsupported notification method: metals/windowStateDidChange
февр. 22, 2025 5:04:16 PM org.eclipse.lsp4j.jsonrpc.services.GenericEndpoint notify
WARNING: Unsupported notification method: metals/windowStateDidChange
февр. 22, 2025 5:04:17 PM org.eclipse.lsp4j.jsonrpc.services.GenericEndpoint notify
WARNING: Unsupported notification method: metals/windowStateDidChange
февр. 22, 2025 5:04:18 PM org.eclipse.lsp4j.jsonrpc.services.GenericEndpoint notify
WARNING: Unsupported notification method: metals/windowStateDidChange
февр. 22, 2025 5:04:19 PM org.eclipse.lsp4j.jsonrpc.services.GenericEndpoint notify
WARNING: Unsupported notification method: metals/windowStateDidChange
февр. 22, 2025 5:10:30 PM org.eclipse.lsp4j.jsonrpc.services.GenericEndpoint notify
WARNING: Unsupported notification method: metals/windowStateDidChange
февр. 22, 2025 5:10:32 PM org.eclipse.lsp4j.jsonrpc.services.GenericEndpoint notify
WARNING: Unsupported notification method: metals/windowStateDidChange
февр. 22, 2025 5:17:10 PM org.eclipse.lsp4j.jsonrpc.services.GenericEndpoint notify
WARNING: Unsupported notification method: metals/windowStateDidChange
февр. 22, 2025 5:17:11 PM org.eclipse.lsp4j.jsonrpc.services.GenericEndpoint notify
WARNING: Unsupported notification method: metals/windowStateDidChange
февр. 22, 2025 5:26:20 PM org.eclipse.lsp4j.jsonrpc.services.GenericEndpoint notify
WARNING: Unsupported notification method: metals/windowStateDidChange
февр. 22, 2025 5:26:21 PM org.eclipse.lsp4j.jsonrpc.services.GenericEndpoint notify
WARNING: Unsupported notification method: metals/windowStateDidChange
февр. 22, 2025 6:21:36 PM org.eclipse.lsp4j.jsonrpc.services.GenericEndpoint notify
WARNING: Unsupported notification method: metals/windowStateDidChange
февр. 22, 2025 6:21:37 PM org.eclipse.lsp4j.jsonrpc.services.GenericEndpoint notify
WARNING: Unsupported notification method: metals/windowStateDidChange
февр. 22, 2025 6:23:10 PM org.eclipse.lsp4j.jsonrpc.services.GenericEndpoint notify
WARNING: Unsupported notification method: metals/windowStateDidChange
февр. 22, 2025 6:23:12 PM org.eclipse.lsp4j.jsonrpc.services.GenericEndpoint notify
WARNING: Unsupported notification method: metals/windowStateDidChange
февр. 22, 2025 6:35:58 PM org.eclipse.lsp4j.jsonrpc.services.GenericEndpoint notify
WARNING: Unsupported notification method: metals/windowStateDidChange
февр. 22, 2025 6:35:59 PM org.eclipse.lsp4j.jsonrpc.services.GenericEndpoint notify
WARNING: Unsupported notification method: metals/windowStateDidChange
февр. 22, 2025 6:42:56 PM org.eclipse.lsp4j.jsonrpc.services.GenericEndpoint notify
WARNING: Unsupported notification method: metals/windowStateDidChange
февр. 22, 2025 6:42:58 PM org.eclipse.lsp4j.jsonrpc.services.GenericEndpoint notify
WARNING: Unsupported notification method: metals/windowStateDidChange
февр. 22, 2025 7:24:01 PM org.eclipse.lsp4j.jsonrpc.services.GenericEndpoint notify
WARNING: Unsupported notification method: metals/windowStateDidChange
февр. 22, 2025 7:24:01 PM org.eclipse.lsp4j.jsonrpc.services.GenericEndpoint notify
WARNING: Unsupported notification method: metals/windowStateDidChange
февр. 22, 2025 7:40:11 PM org.eclipse.lsp4j.jsonrpc.services.GenericEndpoint notify
WARNING: Unsupported notification method: metals/windowStateDidChange
февр. 22, 2025 7:40:23 PM org.eclipse.lsp4j.jsonrpc.services.GenericEndpoint notify
WARNING: Unsupported notification method: metals/windowStateDidChange
февр. 23, 2025 12:38:35 AM org.eclipse.lsp4j.jsonrpc.services.GenericEndpoint notify
WARNING: Unsupported notification method: metals/windowStateDidChange
2025.02.23 00:38:37 INFO  Shutting down server
2025.02.23 00:38:37 INFO  shutting down Metals
2025.02.23 00:38:37 INFO  Exiting server
2025.03.18 14:00:18 INFO  tracing is disabled for protocol LSP, to enable tracing of incoming and outgoing JSON messages create an empty file at c:\f\Frankenstein\.metals\lsp.trace.json or C:\Users\Mary\AppData\Local\scalameta\metals\cache\lsp.trace.json
2025.03.18 14:00:24 INFO  logging to files C:\f\Frankenstein\.metals\metals.log
2025.03.18 14:00:24 INFO  Started: Metals version 1.5.1 in folders 'C:\f\Frankenstein' for client Visual Studio Code 1.76.2.
мар. 18, 2025 2:00:50 PM org.eclipse.lsp4j.jsonrpc.services.GenericEndpoint notify
INFO: Unsupported notification method: $/setTrace
мар. 18, 2025 2:01:19 PM org.eclipse.lsp4j.jsonrpc.services.GenericEndpoint notify
WARNING: Unsupported notification method: metals/windowStateDidChange
мар. 18, 2025 2:01:29 PM org.eclipse.lsp4j.jsonrpc.services.GenericEndpoint notify
WARNING: Unsupported notification method: metals/windowStateDidChange
мар. 18, 2025 2:02:23 PM org.eclipse.lsp4j.jsonrpc.services.GenericEndpoint notify
WARNING: Unsupported notification method: metals/windowStateDidChange
мар. 18, 2025 2:12:14 PM org.eclipse.lsp4j.jsonrpc.services.GenericEndpoint notify
WARNING: Unsupported notification method: metals/windowStateDidChange
мар. 18, 2025 2:12:37 PM org.eclipse.lsp4j.jsonrpc.services.GenericEndpoint notify
WARNING: Unsupported notification method: metals/windowStateDidChange
мар. 18, 2025 2:12:54 PM org.eclipse.lsp4j.jsonrpc.services.GenericEndpoint notify
WARNING: Unsupported notification method: metals/windowStateDidChange
мар. 18, 2025 2:13:01 PM org.eclipse.lsp4j.jsonrpc.services.GenericEndpoint notify
WARNING: Unsupported notification method: metals/windowStateDidChange
мар. 18, 2025 2:13:05 PM org.eclipse.lsp4j.jsonrpc.services.GenericEndpoint notify
WARNING: Unsupported notification method: metals/windowStateDidChange
мар. 18, 2025 2:13:09 PM org.eclipse.lsp4j.jsonrpc.services.GenericEndpoint notify
WARNING: Unsupported notification method: metals/windowStateDidChange
мар. 18, 2025 2:13:19 PM org.eclipse.lsp4j.jsonrpc.services.GenericEndpoint notify
WARNING: Unsupported notification method: metals/windowStateDidChange
мар. 18, 2025 2:13:38 PM org.eclipse.lsp4j.jsonrpc.services.GenericEndpoint notify
WARNING: Unsupported notification method: metals/windowStateDidChange
мар. 18, 2025 2:13:52 PM org.eclipse.lsp4j.jsonrpc.services.GenericEndpoint notify
WARNING: Unsupported notification method: metals/windowStateDidChange
мар. 18, 2025 2:13:55 PM org.eclipse.lsp4j.jsonrpc.services.GenericEndpoint notify
WARNING: Unsupported notification method: metals/windowStateDidChange
мар. 18, 2025 2:13:59 PM org.eclipse.lsp4j.jsonrpc.services.GenericEndpoint notify
WARNING: Unsupported notification method: metals/windowStateDidChange
мар. 18, 2025 2:14:06 PM org.eclipse.lsp4j.jsonrpc.services.GenericEndpoint notify
WARNING: Unsupported notification method: metals/windowStateDidChange
мар. 18, 2025 2:14:12 PM org.eclipse.lsp4j.jsonrpc.services.GenericEndpoint notify
WARNING: Unsupported notification method: metals/windowStateDidChange
мар. 18, 2025 2:14:14 PM org.eclipse.lsp4j.jsonrpc.services.GenericEndpoint notify
WARNING: Unsupported notification method: metals/windowStateDidChange
мар. 18, 2025 2:14:43 PM org.eclipse.lsp4j.jsonrpc.services.GenericEndpoint notify
WARNING: Unsupported notification method: metals/windowStateDidChange
мар. 18, 2025 2:14:52 PM org.eclipse.lsp4j.jsonrpc.services.GenericEndpoint notify
WARNING: Unsupported notification method: metals/windowStateDidChange
мар. 18, 2025 2:14:57 PM org.eclipse.lsp4j.jsonrpc.services.GenericEndpoint notify
WARNING: Unsupported notification method: metals/windowStateDidChange
мар. 18, 2025 2:15:27 PM org.eclipse.lsp4j.jsonrpc.services.GenericEndpoint notify
WARNING: Unsupported notification method: metals/windowStateDidChange
мар. 18, 2025 2:15:58 PM org.eclipse.lsp4j.jsonrpc.services.GenericEndpoint notify
WARNING: Unsupported notification method: metals/windowStateDidChange
мар. 18, 2025 2:16:41 PM org.eclipse.lsp4j.jsonrpc.services.GenericEndpoint notify
WARNING: Unsupported notification method: metals/windowStateDidChange
мар. 18, 2025 2:17:12 PM org.eclipse.lsp4j.jsonrpc.services.GenericEndpoint notify
WARNING: Unsupported notification method: metals/windowStateDidChange
мар. 18, 2025 2:17:51 PM org.eclipse.lsp4j.jsonrpc.services.GenericEndpoint notify
WARNING: Unsupported notification method: metals/windowStateDidChange
мар. 18, 2025 2:18:03 PM org.eclipse.lsp4j.jsonrpc.services.GenericEndpoint notify
WARNING: Unsupported notification method: metals/windowStateDidChange
мар. 18, 2025 2:18:06 PM org.eclipse.lsp4j.jsonrpc.services.GenericEndpoint notify
WARNING: Unsupported notification method: metals/windowStateDidChange
мар. 18, 2025 2:18:09 PM org.eclipse.lsp4j.jsonrpc.services.GenericEndpoint notify
WARNING: Unsupported notification method: metals/windowStateDidChange
мар. 18, 2025 2:22:49 PM org.eclipse.lsp4j.jsonrpc.services.GenericEndpoint notify
WARNING: Unsupported notification method: metals/windowStateDidChange
мар. 18, 2025 2:26:10 PM org.eclipse.lsp4j.jsonrpc.services.GenericEndpoint notify
WARNING: Unsupported notification method: metals/windowStateDidChange
мар. 18, 2025 2:26:15 PM org.eclipse.lsp4j.jsonrpc.services.GenericEndpoint notify
WARNING: Unsupported notification method: metals/windowStateDidChange
мар. 18, 2025 2:30:04 PM org.eclipse.lsp4j.jsonrpc.services.GenericEndpoint notify
WARNING: Unsupported notification method: metals/windowStateDidChange
мар. 18, 2025 2:30:15 PM org.eclipse.lsp4j.jsonrpc.services.GenericEndpoint notify
WARNING: Unsupported notification method: metals/windowStateDidChange
мар. 18, 2025 2:30:34 PM org.eclipse.lsp4j.jsonrpc.services.GenericEndpoint notify
WARNING: Unsupported notification method: metals/windowStateDidChange
мар. 18, 2025 2:30:38 PM org.eclipse.lsp4j.jsonrpc.services.GenericEndpoint notify
WARNING: Unsupported notification method: metals/windowStateDidChange
мар. 18, 2025 2:30:51 PM org.eclipse.lsp4j.jsonrpc.services.GenericEndpoint notify
WARNING: Unsupported notification method: metals/windowStateDidChange
мар. 18, 2025 2:30:54 PM org.eclipse.lsp4j.jsonrpc.services.GenericEndpoint notify
WARNING: Unsupported notification method: metals/windowStateDidChange
мар. 18, 2025 2:31:07 PM org.eclipse.lsp4j.jsonrpc.services.GenericEndpoint notify
WARNING: Unsupported notification method: metals/windowStateDidChange
мар. 18, 2025 2:31:16 PM org.eclipse.lsp4j.jsonrpc.services.GenericEndpoint notify
WARNING: Unsupported notification method: metals/windowStateDidChange
мар. 18, 2025 2:31:53 PM org.eclipse.lsp4j.jsonrpc.services.GenericEndpoint notify
WARNING: Unsupported notification method: metals/windowStateDidChange
мар. 18, 2025 2:31:56 PM org.eclipse.lsp4j.jsonrpc.services.GenericEndpoint notify
WARNING: Unsupported notification method: metals/windowStateDidChange
мар. 18, 2025 2:33:08 PM org.eclipse.lsp4j.jsonrpc.services.GenericEndpoint notify
WARNING: Unsupported notification method: metals/windowStateDidChange
мар. 18, 2025 2:33:14 PM org.eclipse.lsp4j.jsonrpc.services.GenericEndpoint notify
WARNING: Unsupported notification method: metals/windowStateDidChange
мар. 18, 2025 2:33:47 PM org.eclipse.lsp4j.jsonrpc.services.GenericEndpoint notify
WARNING: Unsupported notification method: metals/windowStateDidChange
мар. 18, 2025 2:34:10 PM org.eclipse.lsp4j.jsonrpc.services.GenericEndpoint notify
WARNING: Unsupported notification method: metals/windowStateDidChange
мар. 18, 2025 2:34:50 PM org.eclipse.lsp4j.jsonrpc.services.GenericEndpoint notify
WARNING: Unsupported notification method: metals/windowStateDidChange
мар. 18, 2025 2:35:02 PM org.eclipse.lsp4j.jsonrpc.services.GenericEndpoint notify
WARNING: Unsupported notification method: metals/windowStateDidChange
мар. 18, 2025 2:35:10 PM org.eclipse.lsp4j.jsonrpc.services.GenericEndpoint notify
WARNING: Unsupported notification method: metals/windowStateDidChange
мар. 18, 2025 2:35:14 PM org.eclipse.lsp4j.jsonrpc.services.GenericEndpoint notify
WARNING: Unsupported notification method: metals/windowStateDidChange
мар. 18, 2025 2:36:43 PM org.eclipse.lsp4j.jsonrpc.services.GenericEndpoint notify
WARNING: Unsupported notification method: metals/windowStateDidChange
мар. 18, 2025 2:36:45 PM org.eclipse.lsp4j.jsonrpc.services.GenericEndpoint notify
WARNING: Unsupported notification method: metals/windowStateDidChange
мар. 18, 2025 2:36:48 PM org.eclipse.lsp4j.jsonrpc.services.GenericEndpoint notify
WARNING: Unsupported notification method: metals/windowStateDidChange
мар. 18, 2025 2:36:52 PM org.eclipse.lsp4j.jsonrpc.services.GenericEndpoint notify
WARNING: Unsupported notification method: metals/windowStateDidChange
мар. 18, 2025 2:36:58 PM org.eclipse.lsp4j.jsonrpc.services.GenericEndpoint notify
WARNING: Unsupported notification method: metals/windowStateDidChange
мар. 18, 2025 2:39:16 PM org.eclipse.lsp4j.jsonrpc.services.GenericEndpoint notify
WARNING: Unsupported notification method: metals/windowStateDidChange
мар. 18, 2025 2:43:22 PM org.eclipse.lsp4j.jsonrpc.services.GenericEndpoint notify
WARNING: Unsupported notification method: metals/windowStateDidChange
мар. 18, 2025 2:43:49 PM org.eclipse.lsp4j.jsonrpc.services.GenericEndpoint notify
WARNING: Unsupported notification method: metals/windowStateDidChange
мар. 18, 2025 2:43:56 PM org.eclipse.lsp4j.jsonrpc.services.GenericEndpoint notify
WARNING: Unsupported notification method: metals/windowStateDidChange
мар. 18, 2025 2:44:04 PM org.eclipse.lsp4j.jsonrpc.services.GenericEndpoint notify
WARNING: Unsupported notification method: metals/windowStateDidChange
мар. 18, 2025 2:44:11 PM org.eclipse.lsp4j.jsonrpc.services.GenericEndpoint notify
WARNING: Unsupported notification method: metals/windowStateDidChange
мар. 18, 2025 2:44:47 PM org.eclipse.lsp4j.jsonrpc.services.GenericEndpoint notify
WARNING: Unsupported notification method: metals/windowStateDidChange
мар. 18, 2025 2:44:57 PM org.eclipse.lsp4j.jsonrpc.services.GenericEndpoint notify
WARNING: Unsupported notification method: metals/windowStateDidChange
мар. 18, 2025 2:45:16 PM org.eclipse.lsp4j.jsonrpc.services.GenericEndpoint notify
WARNING: Unsupported notification method: metals/windowStateDidChange
мар. 18, 2025 2:45:43 PM org.eclipse.lsp4j.jsonrpc.services.GenericEndpoint notify
WARNING: Unsupported notification method: metals/windowStateDidChange
мар. 18, 2025 2:46:02 PM org.eclipse.lsp4j.jsonrpc.services.GenericEndpoint notify
WARNING: Unsupported notification method: metals/windowStateDidChange
мар. 18, 2025 2:46:28 PM org.eclipse.lsp4j.jsonrpc.services.GenericEndpoint notify
WARNING: Unsupported notification method: metals/windowStateDidChange
мар. 18, 2025 2:46:40 PM org.eclipse.lsp4j.jsonrpc.services.GenericEndpoint notify
WARNING: Unsupported notification method: metals/windowStateDidChange
мар. 18, 2025 2:46:47 PM org.eclipse.lsp4j.jsonrpc.services.GenericEndpoint notify
WARNING: Unsupported notification method: metals/windowStateDidChange
мар. 18, 2025 2:47:24 PM org.eclipse.lsp4j.jsonrpc.services.GenericEndpoint notify
WARNING: Unsupported notification method: metals/windowStateDidChange
мар. 18, 2025 2:47:31 PM org.eclipse.lsp4j.jsonrpc.services.GenericEndpoint notify
WARNING: Unsupported notification method: metals/windowStateDidChange
мар. 18, 2025 2:47:45 PM org.eclipse.lsp4j.jsonrpc.services.GenericEndpoint notify
WARNING: Unsupported notification method: metals/windowStateDidChange
мар. 18, 2025 2:50:37 PM org.eclipse.lsp4j.jsonrpc.services.GenericEndpoint notify
WARNING: Unsupported notification method: metals/windowStateDidChange
мар. 18, 2025 2:50:38 PM org.eclipse.lsp4j.jsonrpc.services.GenericEndpoint notify
WARNING: Unsupported notification method: metals/windowStateDidChange
мар. 18, 2025 2:54:28 PM org.eclipse.lsp4j.jsonrpc.services.GenericEndpoint notify
WARNING: Unsupported notification method: metals/windowStateDidChange
мар. 18, 2025 2:54:29 PM org.eclipse.lsp4j.jsonrpc.services.GenericEndpoint notify
WARNING: Unsupported notification method: metals/windowStateDidChange
мар. 18, 2025 3:00:18 PM org.eclipse.lsp4j.jsonrpc.services.GenericEndpoint notify
WARNING: Unsupported notification method: metals/windowStateDidChange
мар. 18, 2025 3:00:19 PM org.eclipse.lsp4j.jsonrpc.services.GenericEndpoint notify
WARNING: Unsupported notification method: metals/windowStateDidChange
мар. 18, 2025 3:05:48 PM org.eclipse.lsp4j.jsonrpc.services.GenericEndpoint notify
WARNING: Unsupported notification method: metals/windowStateDidChange
мар. 18, 2025 3:05:50 PM org.eclipse.lsp4j.jsonrpc.services.GenericEndpoint notify
WARNING: Unsupported notification method: metals/windowStateDidChange
мар. 18, 2025 3:12:50 PM org.eclipse.lsp4j.jsonrpc.services.GenericEndpoint notify
WARNING: Unsupported notification method: metals/windowStateDidChange
мар. 18, 2025 3:14:14 PM org.eclipse.lsp4j.jsonrpc.services.GenericEndpoint notify
WARNING: Unsupported notification method: metals/windowStateDidChange
мар. 18, 2025 3:14:37 PM org.eclipse.lsp4j.jsonrpc.services.GenericEndpoint notify
WARNING: Unsupported notification method: metals/windowStateDidChange
мар. 18, 2025 3:14:56 PM org.eclipse.lsp4j.jsonrpc.services.GenericEndpoint notify
WARNING: Unsupported notification method: metals/windowStateDidChange
мар. 18, 2025 3:15:14 PM org.eclipse.lsp4j.jsonrpc.services.GenericEndpoint notify
WARNING: Unsupported notification method: metals/windowStateDidChange
мар. 18, 2025 3:15:30 PM org.eclipse.lsp4j.jsonrpc.services.GenericEndpoint notify
WARNING: Unsupported notification method: metals/windowStateDidChange
мар. 18, 2025 3:15:59 PM org.eclipse.lsp4j.jsonrpc.services.GenericEndpoint notify
WARNING: Unsupported notification method: metals/windowStateDidChange
мар. 18, 2025 3:16:20 PM org.eclipse.lsp4j.jsonrpc.services.GenericEndpoint notify
WARNING: Unsupported notification method: metals/windowStateDidChange
мар. 18, 2025 3:16:22 PM org.eclipse.lsp4j.jsonrpc.services.GenericEndpoint notify
WARNING: Unsupported notification method: metals/windowStateDidChange
мар. 18, 2025 3:16:26 PM org.eclipse.lsp4j.jsonrpc.services.GenericEndpoint notify
WARNING: Unsupported notification method: metals/windowStateDidChange
мар. 18, 2025 3:16:47 PM org.eclipse.lsp4j.jsonrpc.services.GenericEndpoint notify
WARNING: Unsupported notification method: metals/windowStateDidChange
мар. 18, 2025 3:16:52 PM org.eclipse.lsp4j.jsonrpc.services.GenericEndpoint notify
WARNING: Unsupported notification method: metals/windowStateDidChange
мар. 18, 2025 3:16:53 PM org.eclipse.lsp4j.jsonrpc.services.GenericEndpoint notify
WARNING: Unsupported notification method: metals/windowStateDidChange
мар. 18, 2025 3:17:27 PM org.eclipse.lsp4j.jsonrpc.services.GenericEndpoint notify
WARNING: Unsupported notification method: metals/windowStateDidChange
мар. 18, 2025 3:18:16 PM org.eclipse.lsp4j.jsonrpc.services.GenericEndpoint notify
WARNING: Unsupported notification method: metals/windowStateDidChange
мар. 18, 2025 3:18:26 PM org.eclipse.lsp4j.jsonrpc.services.GenericEndpoint notify
WARNING: Unsupported notification method: metals/windowStateDidChange
мар. 18, 2025 4:26:53 PM org.eclipse.lsp4j.jsonrpc.services.GenericEndpoint notify
WARNING: Unsupported notification method: metals/windowStateDidChange
2025.03.18 16:26:59 INFO  Shutting down server
2025.03.18 16:26:59 INFO  shutting down Metals
2025.03.18 16:26:59 INFO  Exiting server
